[  317220ms] [WARNING] An iframe which has both allow-scripts and allow-same-origin for its sandbox attribute can escape its sandboxing. @ about:srcdoc:0
[  317481ms] [WARNING] cdn.tailwindcss.com should not be used in production. To use Tailwind CSS in production, install it as a PostCSS plugin or use the Tailwind CLI: https://tailwindcss.com/docs/installation @ https://cdn.tailwindcss.com/:63
[  318138ms] [WARNING] An iframe which has both allow-scripts and allow-same-origin for its sandbox attribute can escape its sandboxing. @ about:srcdoc:0
[  318141ms] [WARNING] cdn.tailwindcss.com should not be used in production. To use Tailwind CSS in production, install it as a PostCSS plugin or use the Tailwind CLI: https://tailwindcss.com/docs/installation @ https://cdn.tailwindcss.com/:63
[  319521ms] [WARNING] An iframe which has both allow-scripts and allow-same-origin for its sandbox attribute can escape its sandboxing. @ about:srcdoc:0
[  319525ms] [WARNING] cdn.tailwindcss.com should not be used in production. To use Tailwind CSS in production, install it as a PostCSS plugin or use the Tailwind CLI: https://tailwindcss.com/docs/installation @ https://cdn.tailwindcss.com/:63
[  401657ms] [WARNING] An iframe which has both allow-scripts and allow-same-origin for its sandbox attribute can escape its sandboxing. @ about:srcdoc:0
[  401690ms] [WARNING] cdn.tailwindcss.com should not be used in production. To use Tailwind CSS in production, install it as a PostCSS plugin or use the Tailwind CLI: https://tailwindcss.com/docs/installation @ https://cdn.tailwindcss.com/:63
[  411401ms] [ERROR] ./src/lib/prompts/generation.tsx:14:61
Parsing ecmascript source code failed
  12 |   * No plain `bg-white` cards with `shadow-md` and a `bg-blue-500` button — that is the baseline to exceed
  13 |   * Use a considered color palette: prefer `slate`, `zinc`, `stone`, `neutral`, or rich accent colors over raw `gray`/`blue` defaults
> 14 |   * Build depth with layered shadows (`shadow-xl`, `shadow-2xl`, `ring`, `ring-offset`), not just `shadow-md`
     |                                                             ^
  15 |   * Use strong typographic hierarchy: contrast large/bold headings (`text-4xl font-black tracking-tight`) against lighter body text
  16 |   * Add `letter-spacing` (`tracking-tight`, `tracking-widest`) and `leading` to shape rhythm
  17 |   * Include subtle gradients (`bg-gradient-to-br`, `from-*`, `to-*`) for backgrounds, buttons, or accent elements

Identifier cannot follow number

Import trace:
  App Route:
    ./src/lib/prompts/generation.tsx
    ./src/app/api/chat/route.ts @ http://localhost:3000/_next/static/chunks/node_modules_next_dist_b0daae9a._.js:2359
[  412017ms] [ERROR] ./src/lib/prompts/generation.tsx:14:61
Parsing ecmascript source code failed
  12 |   * No plain `bg-white` cards with `shadow-md` and a `bg-blue-500` button — that is the baseline to exceed
  13 |   * Use a considered color palette: prefer `slate`, `zinc`, `stone`, `neutral`, or rich accent colors over raw `gray`/`blue` defaults
> 14 |   * Build depth with layered shadows (`shadow-xl`, `shadow-2xl`, `ring`, `ring-offset`), not just `shadow-md`
     |                                                             ^
  15 |   * Use strong typographic hierarchy: contrast large/bold headings (`text-4xl font-black tracking-tight`) against lighter body text
  16 |   * Add `letter-spacing` (`tracking-tight`, `tracking-widest`) and `leading` to shape rhythm
  17 |   * Include subtle gradients (`bg-gradient-to-br`, `from-*`, `to-*`) for backgrounds, buttons, or accent elements

Identifier cannot follow number

Import trace:
  App Route:
    ./src/lib/prompts/generation.tsx
    ./src/app/api/chat/route.ts @ http://localhost:3000/_next/static/chunks/node_modules_next_dist_b0daae9a._.js:2359
[  412124ms] [ERROR] ./src/lib/prompts/generation.tsx:14:61
Parsing ecmascript source code failed
  12 |   * No plain `bg-white` cards with `shadow-md` and a `bg-blue-500` button — that is the baseline to exceed
  13 |   * Use a considered color palette: prefer `slate`, `zinc`, `stone`, `neutral`, or rich accent colors over raw `gray`/`blue` defaults
> 14 |   * Build depth with layered shadows (`shadow-xl`, `shadow-2xl`, `ring`, `ring-offset`), not just `shadow-md`
     |                                                             ^
  15 |   * Use strong typographic hierarchy: contrast large/bold headings (`text-4xl font-black tracking-tight`) against lighter body text
  16 |   * Add `letter-spacing` (`tracking-tight`, `tracking-widest`) and `leading` to shape rhythm
  17 |   * Include subtle gradients (`bg-gradient-to-br`, `from-*`, `to-*`) for backgrounds, buttons, or accent elements

Identifier cannot follow number

Import trace:
  App Route:
    ./src/lib/prompts/generation.tsx
    ./src/app/api/chat/route.ts @ http://localhost:3000/_next/static/chunks/node_modules_next_dist_b0daae9a._.js:2359
[  412323ms] [ERROR] ./src/lib/prompts/generation.tsx:14:61
Parsing ecmascript source code failed
  12 |   * No plain `bg-white` cards with `shadow-md` and a `bg-blue-500` button — that is the baseline to exceed
  13 |   * Use a considered color palette: prefer `slate`, `zinc`, `stone`, `neutral`, or rich accent colors over raw `gray`/`blue` defaults
> 14 |   * Build depth with layered shadows (`shadow-xl`, `shadow-2xl`, `ring`, `ring-offset`), not just `shadow-md`
     |                                                             ^
  15 |   * Use strong typographic hierarchy: contrast large/bold headings (`text-4xl font-black tracking-tight`) against lighter body text
  16 |   * Add `letter-spacing` (`tracking-tight`, `tracking-widest`) and `leading` to shape rhythm
  17 |   * Include subtle gradients (`bg-gradient-to-br`, `from-*`, `to-*`) for backgrounds, buttons, or accent elements

Identifier cannot follow number

Import trace:
  App Route:
    ./src/lib/prompts/generation.tsx
    ./src/app/api/chat/route.ts @ http://localhost:3000/_next/static/chunks/node_modules_next_dist_b0daae9a._.js:2359
[  412393ms] [ERROR] Failed to load resource: the server responded with a status of 500 (Internal Server Error) @ http://localhost:3000/api/chat:0
[  534041ms] [ERROR] ./src/lib/prompts/generation.tsx:14:61
Parsing ecmascript source code failed
  12 |   * No plain `bg-white` cards with `shadow-md` and a `bg-blue-500` button — that is the baseline to exceed
  13 |   * Use a considered color palette: prefer `slate`, `zinc`, `stone`, `neutral`, or rich accent colors over raw `gray`/`blue` defaults
> 14 |   * Build depth with layered shadows (`shadow-xl`, `shadow-2xl`, `ring`, `ring-offset`), not just `shadow-md`
     |                                                             ^
  15 |   * Use strong typographic hierarchy: contrast large/bold headings (`text-4xl font-black tracking-tight`) against lighter body text
  16 |   * Add `letter-spacing` (`tracking-tight`, `tracking-widest`) and `leading` to shape rhythm
  17 |   * Include subtle gradients (`bg-gradient-to-br`, `from-*`, `to-*`) for backgrounds, buttons, or accent elements

Identifier cannot follow number

Import trace:
  App Route:
    ./src/lib/prompts/generation.tsx
    ./src/app/api/chat/route.ts @ http://localhost:3000/_next/static/chunks/node_modules_next_dist_b0daae9a._.js:2359
[  602031ms] [ERROR] ./src/lib/prompts/generation.tsx:14:61
Parsing ecmascript source code failed
  12 |   * No plain `bg-white` cards with `shadow-md` and a `bg-blue-500` button — that is the baseline to exceed
  13 |   * Use a considered color palette: prefer `slate`, `zinc`, `stone`, `neutral`, or rich accent colors over raw `gray`/`blue` defaults
> 14 |   * Build depth with layered shadows (`shadow-xl`, `shadow-2xl`, `ring`, `ring-offset`), not just `shadow-md`
     |                                                             ^
  15 |   * Use strong typographic hierarchy: contrast large/bold headings (`text-4xl font-black tracking-tight`) against lighter body text
  16 |   * Add `letter-spacing` (`tracking-tight`, `tracking-widest`) and `leading` to shape rhythm
  17 |   * Include subtle gradients (`bg-gradient-to-br`, `from-*`, `to-*`) for backgrounds, buttons, or accent elements

Identifier cannot follow number

Import trace:
  App Route:
    ./src/lib/prompts/generation.tsx
    ./src/app/api/chat/route.ts @ http://localhost:3000/_next/static/chunks/node_modules_next_dist_b0daae9a._.js:2359
[  610358ms] [ERROR] ./src/lib/prompts/generation.tsx:14:61
Parsing ecmascript source code failed
  12 |   * No plain `bg-white` cards with `shadow-md` and a `bg-blue-500` button — that is the baseline to exceed
  13 |   * Use a considered color palette: prefer `slate`, `zinc`, `stone`, `neutral`, or rich accent colors over raw `gray`/`blue` defaults
> 14 |   * Build depth with layered shadows (`shadow-xl`, `shadow-2xl`, `ring`, `ring-offset`), not just `shadow-md`
     |                                                             ^
  15 |   * Use strong typographic hierarchy: contrast large/bold headings (`text-4xl font-black tracking-tight`) against lighter body text
  16 |   * Add `letter-spacing` (`tracking-tight`, `tracking-widest`) and `leading` to shape rhythm
  17 |   * Include subtle gradients (`bg-gradient-to-br`, `from-*`, `to-*`) for backgrounds, buttons, or accent elements

Identifier cannot follow number

Import trace:
  App Route:
    ./src/lib/prompts/generation.tsx
    ./src/app/api/chat/route.ts @ http://localhost:3000/_next/static/chunks/node_modules_next_dist_b0daae9a._.js:2359
[  610699ms] [ERROR] Failed to load resource: the server responded with a status of 500 (Internal Server Error) @ http://localhost:3000/favicon.ico?favicon.0b3bf435.ico:0
[  610704ms] [ERROR] ./src/lib/prompts/generation.tsx:14:61
Parsing ecmascript source code failed
  12 |   * No plain `bg-white` cards with `shadow-md` and a `bg-blue-500` button — that is the baseline to exceed
  13 |   * Use a considered color palette: prefer `slate`, `zinc`, `stone`, `neutral`, or rich accent colors over raw `gray`/`blue` defaults
> 14 |   * Build depth with layered shadows (`shadow-xl`, `shadow-2xl`, `ring`, `ring-offset`), not just `shadow-md`
     |                                                             ^
  15 |   * Use strong typographic hierarchy: contrast large/bold headings (`text-4xl font-black tracking-tight`) against lighter body text
  16 |   * Add `letter-spacing` (`tracking-tight`, `tracking-widest`) and `leading` to shape rhythm
  17 |   * Include subtle gradients (`bg-gradient-to-br`, `from-*`, `to-*`) for backgrounds, buttons, or accent elements

Identifier cannot follow number

Import trace:
  App Route:
    ./src/lib/prompts/generation.tsx
    ./src/app/api/chat/route.ts @ http://localhost:3000/_next/static/chunks/node_modules_next_dist_b0daae9a._.js:2359
[  610739ms] [ERROR] ./src/lib/prompts/generation.tsx:14:61
Parsing ecmascript source code failed
  12 |   * No plain `bg-white` cards with `shadow-md` and a `bg-blue-500` button — that is the baseline to exceed
  13 |   * Use a considered color palette: prefer `slate`, `zinc`, `stone`, `neutral`, or rich accent colors over raw `gray`/`blue` defaults
> 14 |   * Build depth with layered shadows (`shadow-xl`, `shadow-2xl`, `ring`, `ring-offset`), not just `shadow-md`
     |                                                             ^
  15 |   * Use strong typographic hierarchy: contrast large/bold headings (`text-4xl font-black tracking-tight`) against lighter body text
  16 |   * Add `letter-spacing` (`tracking-tight`, `tracking-widest`) and `leading` to shape rhythm
  17 |   * Include subtle gradients (`bg-gradient-to-br`, `from-*`, `to-*`) for backgrounds, buttons, or accent elements

Identifier cannot follow number

Import trace:
  App Route:
    ./src/lib/prompts/generation.tsx
    ./src/app/api/chat/route.ts @ http://localhost:3000/_next/static/chunks/node_modules_next_dist_b0daae9a._.js:2359
[  612694ms] [ERROR] ./src/lib/prompts/generation.tsx:14:61
Parsing ecmascript source code failed
  12 |   * No plain `bg-white` cards with `shadow-md` and a `bg-blue-500` button — that is the baseline to exceed
  13 |   * Use a considered color palette: prefer `slate`, `zinc`, `stone`, `neutral`, or rich accent colors over raw `gray`/`blue` defaults
> 14 |   * Build depth with layered shadows (`shadow-xl`, `shadow-2xl`, `ring`, `ring-offset`), not just `shadow-md`
     |                                                             ^
  15 |   * Use strong typographic hierarchy: contrast large/bold headings (`text-4xl font-black tracking-tight`) against lighter body text
  16 |   * Add `letter-spacing` (`tracking-tight`, `tracking-widest`) and `leading` to shape rhythm
  17 |   * Include subtle gradients (`bg-gradient-to-br`, `from-*`, `to-*`) for backgrounds, buttons, or accent elements

Identifier cannot follow number

Import trace:
  App Route:
    ./src/lib/prompts/generation.tsx
    ./src/app/api/chat/route.ts @ http://localhost:3000/_next/static/chunks/node_modules_next_dist_b0daae9a._.js:2359
[  612985ms] [ERROR] Failed to load resource: the server responded with a status of 500 (Internal Server Error) @ http://localhost:3000/favicon.ico?favicon.0b3bf435.ico:0
[  612991ms] [ERROR] ./src/lib/prompts/generation.tsx:14:61
Parsing ecmascript source code failed
  12 |   * No plain `bg-white` cards with `shadow-md` and a `bg-blue-500` button — that is the baseline to exceed
  13 |   * Use a considered color palette: prefer `slate`, `zinc`, `stone`, `neutral`, or rich accent colors over raw `gray`/`blue` defaults
> 14 |   * Build depth with layered shadows (`shadow-xl`, `shadow-2xl`, `ring`, `ring-offset`), not just `shadow-md`
     |                                                             ^
  15 |   * Use strong typographic hierarchy: contrast large/bold headings (`text-4xl font-black tracking-tight`) against lighter body text
  16 |   * Add `letter-spacing` (`tracking-tight`, `tracking-widest`) and `leading` to shape rhythm
  17 |   * Include subtle gradients (`bg-gradient-to-br`, `from-*`, `to-*`) for backgrounds, buttons, or accent elements

Identifier cannot follow number

Import trace:
  App Route:
    ./src/lib/prompts/generation.tsx
    ./src/app/api/chat/route.ts @ http://localhost:3000/_next/static/chunks/node_modules_next_dist_b0daae9a._.js:2359
[  613027ms] [ERROR] ./src/lib/prompts/generation.tsx:14:61
Parsing ecmascript source code failed
  12 |   * No plain `bg-white` cards with `shadow-md` and a `bg-blue-500` button — that is the baseline to exceed
  13 |   * Use a considered color palette: prefer `slate`, `zinc`, `stone`, `neutral`, or rich accent colors over raw `gray`/`blue` defaults
> 14 |   * Build depth with layered shadows (`shadow-xl`, `shadow-2xl`, `ring`, `ring-offset`), not just `shadow-md`
     |                                                             ^
  15 |   * Use strong typographic hierarchy: contrast large/bold headings (`text-4xl font-black tracking-tight`) against lighter body text
  16 |   * Add `letter-spacing` (`tracking-tight`, `tracking-widest`) and `leading` to shape rhythm
  17 |   * Include subtle gradients (`bg-gradient-to-br`, `from-*`, `to-*`) for backgrounds, buttons, or accent elements

Identifier cannot follow number

Import trace:
  App Route:
    ./src/lib/prompts/generation.tsx
    ./src/app/api/chat/route.ts @ http://localhost:3000/_next/static/chunks/node_modules_next_dist_b0daae9a._.js:2359
